<?xml version="1.0" encoding="UTF-8"?>
<coverage generated="1590975561273" clover="3.2.0">
  <project timestamp="1590975561273" name="All files">
    <metrics statements="246" coveredstatements="246" conditionals="82" coveredconditionals="82" methods="87" coveredmethods="87" elements="415" coveredelements="415" complexity="0" loc="246" ncloc="246" packages="1" files="8" classes="8"/>
    <file name="create-array.ts" path="/Users/jamesmfriedman/Sites/staterx/lib/src/create-array.ts">
      <metrics statements="42" coveredstatements="42" conditionals="10" coveredconditionals="10" methods="16" coveredmethods="16"/>
      <line num="1" count="1" type="stmt"/>
      <line num="2" count="1" type="stmt"/>
      <line num="3" count="1" type="stmt"/>
      <line num="8" count="1" type="stmt"/>
      <line num="40" count="1" type="stmt"/>
      <line num="43" count="16" type="stmt"/>
      <line num="44" count="16" type="stmt"/>
      <line num="45" count="1" type="stmt"/>
      <line num="47" count="16" type="stmt"/>
      <line num="53" count="1" type="stmt"/>
      <line num="54" count="16" type="stmt"/>
      <line num="55" count="16" type="stmt"/>
      <line num="56" count="16" type="stmt"/>
      <line num="62" count="16" type="stmt"/>
      <line num="63" count="1" type="stmt"/>
      <line num="64" count="5" type="stmt"/>
      <line num="65" count="1" type="stmt"/>
      <line num="66" count="4" type="stmt"/>
      <line num="67" count="1" type="stmt"/>
      <line num="69" count="1" type="stmt"/>
      <line num="70" count="2" type="stmt"/>
      <line num="71" count="1" type="stmt"/>
      <line num="82" count="16" type="stmt"/>
      <line num="86" count="8" type="stmt"/>
      <line num="88" count="8" type="stmt"/>
      <line num="90" count="1" type="stmt"/>
      <line num="91" count="1" type="stmt"/>
      <line num="92" count="1" type="stmt"/>
      <line num="94" count="1" type="stmt"/>
      <line num="96" count="1" type="stmt"/>
      <line num="98" count="1" type="stmt"/>
      <line num="100" count="1" type="stmt"/>
      <line num="101" count="1" type="stmt"/>
      <line num="102" count="1" type="stmt"/>
      <line num="104" count="1" type="stmt"/>
      <line num="106" count="1" type="stmt"/>
      <line num="107" count="1" type="stmt"/>
      <line num="112" count="1" type="stmt"/>
      <line num="114" count="1" type="stmt"/>
      <line num="118" count="1" type="stmt"/>
      <line num="120" count="31" type="cond" truecount="2" falsecount="0"/>
      <line num="122" count="16" type="stmt"/>
    </file>
    <file name="create-items.ts" path="/Users/jamesmfriedman/Sites/staterx/lib/src/create-items.ts">
      <metrics statements="67" coveredstatements="67" conditionals="27" coveredconditionals="27" methods="25" coveredmethods="25"/>
      <line num="1" count="1" type="stmt"/>
      <line num="2" count="1" type="stmt"/>
      <line num="3" count="1" type="stmt"/>
      <line num="12" count="1" type="stmt"/>
      <line num="29" count="1" type="stmt"/>
      <line num="30" count="16" type="stmt"/>
      <line num="31" count="16" type="stmt"/>
      <line num="32" count="16" type="stmt"/>
      <line num="33" count="16" type="stmt"/>
      <line num="40" count="16" type="stmt"/>
      <line num="42" count="3" type="cond" truecount="2" falsecount="0"/>
      <line num="43" count="3" type="stmt"/>
      <line num="46" count="3" type="cond" truecount="1" falsecount="0"/>
      <line num="47" count="3" type="stmt"/>
      <line num="49" count="3" type="stmt"/>
      <line num="57" count="3" type="stmt"/>
      <line num="64" count="1" type="stmt"/>
      <line num="71" count="2" type="cond" truecount="2" falsecount="0"/>
      <line num="72" count="2" type="stmt"/>
      <line num="76" count="3" type="cond" truecount="1" falsecount="0"/>
      <line num="84" count="1" type="stmt"/>
      <line num="95" count="1" type="stmt"/>
      <line num="98" count="16" type="stmt"/>
      <line num="100" count="16" type="stmt"/>
      <line num="101" count="16" type="stmt"/>
      <line num="102" count="1" type="stmt"/>
      <line num="104" count="1" type="stmt"/>
      <line num="106" count="2" type="cond" truecount="1" falsecount="0"/>
      <line num="107" count="2" type="stmt"/>
      <line num="109" count="2" type="stmt"/>
      <line num="113" count="16" type="stmt"/>
      <line num="114" count="1" type="stmt"/>
      <line num="116" count="1" type="stmt"/>
      <line num="118" count="1" type="stmt"/>
      <line num="122" count="2" type="cond" truecount="1" falsecount="0"/>
      <line num="126" count="2" type="cond" truecount="2" falsecount="0"/>
      <line num="127" count="2" type="stmt"/>
      <line num="128" count="2" type="stmt"/>
      <line num="133" count="16" type="stmt"/>
      <line num="144" count="1" type="stmt"/>
      <line num="145" count="16" type="stmt"/>
      <line num="148" count="16" type="stmt"/>
      <line num="149" count="8" type="cond" truecount="2" falsecount="0"/>
      <line num="150" count="8" type="stmt"/>
      <line num="152" count="8" type="stmt"/>
      <line num="154" count="3" type="stmt"/>
      <line num="156" count="3" type="stmt"/>
      <line num="160" count="3" type="stmt"/>
      <line num="164" count="3" type="stmt"/>
      <line num="169" count="1" type="stmt"/>
      <line num="171" count="1" type="stmt"/>
      <line num="175" count="1" type="stmt"/>
      <line num="180" count="1" type="stmt"/>
      <line num="185" count="1" type="stmt"/>
      <line num="186" count="1" type="stmt"/>
      <line num="187" count="1" type="stmt"/>
      <line num="190" count="1" type="stmt"/>
      <line num="195" count="2" type="stmt"/>
      <line num="197" count="3" type="stmt"/>
      <line num="198" count="3" type="stmt"/>
      <line num="203" count="2" type="stmt"/>
      <line num="205" count="1" type="stmt"/>
      <line num="235" count="1" type="stmt"/>
      <line num="237" count="30" type="cond" truecount="2" falsecount="0"/>
      <line num="239" count="32" type="cond" truecount="4" falsecount="0"/>
      <line num="241" count="16" type="stmt"/>
      <line num="245" count="16" type="stmt"/>
    </file>
    <file name="create-object.ts" path="/Users/jamesmfriedman/Sites/staterx/lib/src/create-object.ts">
      <metrics statements="16" coveredstatements="16" conditionals="4" coveredconditionals="4" methods="5" coveredmethods="5"/>
      <line num="1" count="1" type="stmt"/>
      <line num="2" count="1" type="stmt"/>
      <line num="3" count="1" type="stmt"/>
      <line num="9" count="1" type="stmt"/>
      <line num="10" count="8" type="stmt"/>
      <line num="11" count="8" type="stmt"/>
      <line num="16" count="8" type="stmt"/>
      <line num="17" count="1" type="stmt"/>
      <line num="21" count="8" type="stmt"/>
      <line num="25" count="2" type="stmt"/>
      <line num="27" count="2" type="stmt"/>
      <line num="29" count="1" type="stmt"/>
      <line num="34" count="1" type="stmt"/>
      <line num="45" count="1" type="stmt"/>
      <line num="47" count="15" type="cond" truecount="2" falsecount="0"/>
      <line num="49" count="8" type="stmt"/>
    </file>
    <file name="create-staterx.ts" path="/Users/jamesmfriedman/Sites/staterx/lib/src/create-staterx.ts">
      <metrics statements="52" coveredstatements="52" conditionals="25" coveredconditionals="25" methods="12" coveredmethods="12"/>
      <line num="1" count="6" type="stmt"/>
      <line num="2" count="6" type="stmt"/>
      <line num="13" count="6" type="stmt"/>
      <line num="15" count="6" type="stmt"/>
      <line num="49" count="6" type="stmt"/>
      <line num="50" count="58" type="stmt"/>
      <line num="51" count="58" type="stmt"/>
      <line num="56" count="58" type="stmt"/>
      <line num="57" count="58" type="stmt"/>
      <line num="59" count="58" type="stmt"/>
      <line num="61" count="5" type="stmt"/>
      <line num="64" count="58" type="stmt"/>
      <line num="66" count="58" type="stmt"/>
      <line num="70" count="14" type="cond" truecount="2" falsecount="0"/>
      <line num="71" count="14" type="stmt"/>
      <line num="73" count="4" type="stmt"/>
      <line num="79" count="6" type="stmt"/>
      <line num="80" count="58" type="stmt"/>
      <line num="81" count="58" type="stmt"/>
      <line num="82" count="58" type="stmt"/>
      <line num="83" count="58" type="stmt"/>
      <line num="89" count="58" type="stmt"/>
      <line num="90" count="38" type="stmt"/>
      <line num="92" count="38" type="stmt"/>
      <line num="94" count="14" type="stmt"/>
      <line num="96" count="4" type="stmt"/>
      <line num="98" count="20" type="stmt"/>
      <line num="101" count="20" type="cond" truecount="2" falsecount="0"/>
      <line num="105" count="6" type="stmt"/>
      <line num="125" count="116" type="cond" truecount="2" falsecount="0"/>
      <line num="126" count="116" type="cond" truecount="2" falsecount="0"/>
      <line num="127" count="120" type="cond" truecount="2" falsecount="0"/>
      <line num="131" count="58" type="stmt"/>
      <line num="132" count="58" type="stmt"/>
      <line num="133" count="58" type="stmt"/>
      <line num="134" count="58" type="stmt"/>
      <line num="135" count="58" type="stmt"/>
      <line num="138" count="58" type="stmt"/>
      <line num="140" count="58" type="stmt"/>
      <line num="142" count="58" type="stmt"/>
      <line num="147" count="58" type="stmt"/>
      <line num="153" count="58" type="cond" truecount="4" falsecount="0"/>
      <line num="155" count="58" type="stmt"/>
      <line num="164" count="58" type="cond" truecount="2" falsecount="0"/>
      <line num="165" count="2" type="stmt"/>
      <line num="170" count="58" type="stmt"/>
      <line num="171" count="38" type="stmt"/>
      <line num="175" count="58" type="stmt"/>
      <line num="177" count="58" type="stmt"/>
      <line num="192" count="58" type="cond" truecount="4" falsecount="0"/>
      <line num="194" count="58" type="cond" truecount="2" falsecount="0"/>
      <line num="196" count="58" type="stmt"/>
    </file>
    <file name="create-store.ts" path="/Users/jamesmfriedman/Sites/staterx/lib/src/create-store.ts">
      <metrics statements="32" coveredstatements="32" conditionals="8" coveredconditionals="8" methods="9" coveredmethods="9"/>
      <line num="1" count="1" type="stmt"/>
      <line num="2" count="1" type="stmt"/>
      <line num="3" count="1" type="stmt"/>
      <line num="14" count="1" type="stmt"/>
      <line num="16" count="3" type="cond" truecount="2" falsecount="0"/>
      <line num="18" count="2" type="stmt"/>
      <line num="19" count="6" type="stmt"/>
      <line num="23" count="2" type="stmt"/>
      <line num="24" count="2" type="stmt"/>
      <line num="25" count="4" type="stmt"/>
      <line num="29" count="2" type="stmt"/>
      <line num="30" count="6" type="stmt"/>
      <line num="31" count="6" type="cond" truecount="2" falsecount="0"/>
      <line num="32" count="6" type="stmt"/>
      <line num="34" count="9" type="stmt"/>
      <line num="39" count="2" type="stmt"/>
      <line num="41" count="2" type="stmt"/>
      <line num="43" count="9" type="stmt"/>
      <line num="50" count="2" type="stmt"/>
      <line num="52" count="4" type="stmt"/>
      <line num="55" count="2" type="stmt"/>
      <line num="57" count="2" type="stmt"/>
      <line num="58" count="1" type="stmt"/>
      <line num="59" count="4" type="stmt"/>
      <line num="60" count="4" type="stmt"/>
      <line num="62" count="4" type="cond" truecount="2" falsecount="0"/>
      <line num="63" count="2" type="stmt"/>
      <line num="64" count="2" type="cond" truecount="2" falsecount="0"/>
      <line num="65" count="1" type="stmt"/>
      <line num="67" count="1" type="stmt"/>
      <line num="74" count="2" type="stmt"/>
      <line num="76" count="2" type="stmt"/>
    </file>
    <file name="create-value.ts" path="/Users/jamesmfriedman/Sites/staterx/lib/src/create-value.ts">
      <metrics statements="7" coveredstatements="7" conditionals="2" coveredconditionals="2" methods="4" coveredmethods="4"/>
      <line num="1" count="3" type="stmt"/>
      <line num="2" count="3" type="stmt"/>
      <line num="13" count="3" type="stmt"/>
      <line num="15" count="30" type="cond" truecount="2" falsecount="0"/>
      <line num="17" count="16" type="stmt"/>
      <line num="20" count="18" type="stmt"/>
      <line num="21" count="18" type="stmt"/>
    </file>
    <file name="react.ts" path="/Users/jamesmfriedman/Sites/staterx/lib/src/react.ts">
      <metrics statements="12" coveredstatements="12" conditionals="4" coveredconditionals="4" methods="6" coveredmethods="6"/>
      <line num="1" count="1" type="stmt"/>
      <line num="29" count="1" type="stmt"/>
      <line num="33" count="5" type="stmt"/>
      <line num="34" count="5" type="cond" truecount="2" falsecount="0"/>
      <line num="38" count="5" type="stmt"/>
      <line num="44" count="4" type="stmt"/>
      <line num="45" count="2" type="stmt"/>
      <line num="46" count="1" type="stmt"/>
      <line num="47" count="2" type="stmt"/>
      <line num="50" count="2" type="stmt"/>
      <line num="51" count="2" type="stmt"/>
      <line num="55" count="4" type="stmt"/>
    </file>
    <file name="utils.ts" path="/Users/jamesmfriedman/Sites/staterx/lib/src/utils.ts">
      <metrics statements="18" coveredstatements="18" conditionals="2" coveredconditionals="2" methods="10" coveredmethods="10"/>
      <line num="25" count="6" type="stmt"/>
      <line num="26" count="54" type="stmt"/>
      <line num="28" count="6" type="stmt"/>
      <line num="29" count="3" type="stmt"/>
      <line num="32" count="93" type="stmt"/>
      <line num="39" count="6" type="stmt"/>
      <line num="40" count="15" type="cond" truecount="2" falsecount="0"/>
      <line num="42" count="6" type="stmt"/>
      <line num="43" count="300" type="stmt"/>
      <line num="45" count="6" type="stmt"/>
      <line num="49" count="58" type="stmt"/>
      <line num="50" count="300" type="stmt"/>
      <line num="51" count="300" type="stmt"/>
      <line num="54" count="60" type="stmt"/>
      <line num="59" count="38" type="stmt"/>
      <line num="60" count="38" type="stmt"/>
      <line num="63" count="6" type="stmt"/>
      <line num="64" count="18" type="stmt"/>
    </file>
  </project>
</coverage>
