{"/Users/jamesmfriedman/Sites/staterx/lib/src/create-array.ts": {"path":"/Users/jamesmfriedman/Sites/staterx/lib/src/create-array.ts","statementMap":{"0":{"start":{"line":1,"column":0},"end":{"line":1,"column":51}},"1":{"start":{"line":2,"column":0},"end":{"line":2,"column":75}},"2":{"start":{"line":3,"column":0},"end":{"line":3,"column":null}},"3":{"start":{"line":8,"column":0},"end":{"line":8,"column":37}},"4":{"start":{"line":40,"column":24},"end":{"line":51,"column":1}},"5":{"start":{"line":43,"column":18},"end":{"line":43,"column":41}},"6":{"start":{"line":43,"column":35},"end":{"line":43,"column":75}},"7":{"start":{"line":43,"column":62},"end":{"line":43,"column":73}},"8":{"start":{"line":44,"column":16},"end":{"line":45,"column":10}},"9":{"start":{"line":45,"column":4},"end":{"line":45,"column":57}},"10":{"start":{"line":45,"column":31},"end":{"line":45,"column":55}},"11":{"start":{"line":47,"column":2},"end":{"line":50,"column":4}},"12":{"start":{"line":53,"column":22},"end":{"line":80,"column":1}},"13":{"start":{"line":54,"column":2},"end":{"line":54,"column":10}},"14":{"start":{"line":55,"column":2},"end":{"line":55,"column":10}},"15":{"start":{"line":56,"column":2},"end":{"line":56,"column":5}},"16":{"start":{"line":62,"column":2},"end":{"line":79,"column":4}},"17":{"start":{"line":63,"column":15},"end":{"line":63,"column":null}},"18":{"start":{"line":64,"column":11},"end":{"line":64,"column":18}},"19":{"start":{"line":64,"column":23},"end":{"line":64,"column":null}},"20":{"start":{"line":65,"column":17},"end":{"line":65,"column":null}},"21":{"start":{"line":66,"column":14},"end":{"line":66,"column":21}},"22":{"start":{"line":66,"column":26},"end":{"line":66,"column":null}},"23":{"start":{"line":67,"column":19},"end":{"line":67,"column":null}},"24":{"start":{"line":69,"column":6},"end":{"line":69,"column":null}},"25":{"start":{"line":70,"column":33},"end":{"line":70,"column":41}},"26":{"start":{"line":71,"column":6},"end":{"line":78,"column":null}},"27":{"start":{"line":82,"column":22},"end":{"line":82,"column":null}},"28":{"start":{"line":82,"column":25},"end":{"line":82,"column":33}},"29":{"start":{"line":82,"column":65},"end":{"line":116,"column":2}},"30":{"start":{"line":86,"column":15},"end":{"line":86,"column":30}},"31":{"start":{"line":88,"column":2},"end":{"line":115,"column":null}},"32":{"start":{"line":90,"column":23},"end":{"line":90,"column":36}},"33":{"start":{"line":91,"column":6},"end":{"line":91,"column":21}},"34":{"start":{"line":92,"column":6},"end":{"line":92,"column":22}},"35":{"start":{"line":94,"column":6},"end":{"line":94,"column":40}},"36":{"start":{"line":96,"column":6},"end":{"line":96,"column":40}},"37":{"start":{"line":98,"column":6},"end":{"line":98,"column":37}},"38":{"start":{"line":100,"column":25},"end":{"line":100,"column":38}},"39":{"start":{"line":101,"column":6},"end":{"line":101,"column":25}},"40":{"start":{"line":102,"column":6},"end":{"line":102,"column":24}},"41":{"start":{"line":104,"column":6},"end":{"line":104,"column":25}},"42":{"start":{"line":106,"column":26},"end":{"line":106,"column":39}},"43":{"start":{"line":107,"column":6},"end":{"line":110,"column":null}},"44":{"start":{"line":112,"column":6},"end":{"line":112,"column":25}},"45":{"start":{"line":114,"column":6},"end":{"line":114,"column":19}},"46":{"start":{"line":118,"column":13},"end":{"line":128,"column":5}},"47":{"start":{"line":120,"column":2},"end":{"line":120,"column":null}},"48":{"start":{"line":122,"column":2},"end":{"line":128,"column":5}}},"fnMap":{"0":{"name":"(anonymous_1)","decl":{"start":{"line":40,"column":24},"end":{"line":40,"column":null}},"loc":{"start":{"line":41,"column":23},"end":{"line":51,"column":1}}},"1":{"name":"(anonymous_2)","decl":{"start":{"line":43,"column":18},"end":{"line":43,"column":19}},"loc":{"start":{"line":43,"column":30},"end":{"line":43,"column":41}}},"2":{"name":"(anonymous_3)","decl":{"start":{"line":43,"column":51},"end":{"line":43,"column":52}},"loc":{"start":{"line":43,"column":57},"end":{"line":43,"column":67}}},"3":{"name":"(anonymous_4)","decl":{"start":{"line":44,"column":16},"end":{"line":44,"column":17}},"loc":{"start":{"line":44,"column":45},"end":{"line":45,"column":10}}},"4":{"name":"(anonymous_5)","decl":{"start":{"line":45,"column":20},"end":{"line":45,"column":21}},"loc":{"start":{"line":45,"column":26},"end":{"line":45,"column":36}}},"5":{"name":"(anonymous_6)","decl":{"start":{"line":53,"column":22},"end":{"line":53,"column":26}},"loc":{"start":{"line":61,"column":1},"end":{"line":80,"column":1}}},"6":{"name":"(anonymous_7)","decl":{"start":{"line":63,"column":9},"end":{"line":63,"column":15}},"loc":{"start":{"line":63,"column":9},"end":{"line":63,"column":23}}},"7":{"name":"(anonymous_8)","decl":{"start":{"line":64,"column":10},"end":{"line":64,"column":11}},"loc":{"start":{"line":64,"column":10},"end":{"line":64,"column":31}}},"8":{"name":"(anonymous_9)","decl":{"start":{"line":65,"column":11},"end":{"line":65,"column":17}},"loc":{"start":{"line":65,"column":11},"end":{"line":65,"column":25}}},"9":{"name":"(anonymous_10)","decl":{"start":{"line":66,"column":13},"end":{"line":66,"column":14}},"loc":{"start":{"line":66,"column":13},"end":{"line":66,"column":34}}},"10":{"name":"(anonymous_11)","decl":{"start":{"line":67,"column":13},"end":{"line":67,"column":19}},"loc":{"start":{"line":67,"column":13},"end":{"line":67,"column":27}}},"11":{"name":"(anonymous_12)","decl":{"start":{"line":68,"column":10},"end":{"line":68,"column":11}},"loc":{"start":{"line":68,"column":20},"end":{"line":69,"column":14}}},"12":{"name":"(anonymous_13)","decl":{"start":{"line":70,"column":12},"end":{"line":70,"column":13}},"loc":{"start":{"line":70,"column":31},"end":{"line":71,"column":14}}},"13":{"name":"(anonymous_14)","decl":{"start":{"line":82,"column":22},"end":{"line":82,"column":23}},"loc":{"start":{"line":82,"column":60},"end":{"line":82,"column":null}}},"14":{"name":"(anonymous_15)","decl":{"start":{"line":82,"column":65},"end":{"line":82,"column":null}},"loc":{"start":{"line":84,"column":19},"end":{"line":116,"column":1}}},"15":{"name":"(anonymous_16)","decl":{"start":{"line":118,"column":27},"end":{"line":118,"column":null}},"loc":{"start":{"line":120,"column":37},"end":{"line":122,"column":15}}}},"branchMap":{"0":{"loc":{"start":{"line":89,"column":4},"end":{"line":92,"column":22}},"type":"switch","locations":[{"start":{"line":89,"column":4},"end":{"line":92,"column":22}},{"start":{"line":93,"column":4},"end":{"line":94,"column":40}},{"start":{"line":95,"column":4},"end":{"line":96,"column":40}},{"start":{"line":97,"column":4},"end":{"line":98,"column":37}},{"start":{"line":99,"column":4},"end":{"line":102,"column":24}},{"start":{"line":103,"column":4},"end":{"line":104,"column":25}},{"start":{"line":105,"column":4},"end":{"line":112,"column":25}},{"start":{"line":113,"column":4},"end":{"line":114,"column":19}}]},"1":{"loc":{"start":{"line":120,"column":2},"end":{"line":120,"column":null}},"type":"if","locations":[{"start":{"line":120,"column":2},"end":{"line":120,"column":null}},{"start":{"line":120,"column":2},"end":{"line":120,"column":null}}]}},"s":{"0":1,"1":1,"2":1,"3":1,"4":1,"5":16,"6":1,"7":1,"8":16,"9":1,"10":1,"11":16,"12":1,"13":16,"14":16,"15":16,"16":16,"17":1,"18":5,"19":1,"20":1,"21":4,"22":1,"23":1,"24":1,"25":2,"26":1,"27":1,"28":16,"29":16,"30":8,"31":8,"32":1,"33":1,"34":1,"35":1,"36":1,"37":1,"38":1,"39":1,"40":1,"41":1,"42":1,"43":1,"44":1,"45":1,"46":1,"47":31,"48":16},"f":{"0":16,"1":1,"2":1,"3":1,"4":1,"5":16,"6":1,"7":1,"8":1,"9":1,"10":1,"11":1,"12":1,"13":16,"14":8,"15":16},"b":{"0":[1,1,1,1,1,1,1,1],"1":[15,1]}}
,"/Users/jamesmfriedman/Sites/staterx/lib/src/create-items.ts": {"path":"/Users/jamesmfriedman/Sites/staterx/lib/src/create-items.ts","statementMap":{"0":{"start":{"line":1,"column":0},"end":{"line":1,"column":51}},"1":{"start":{"line":2,"column":0},"end":{"line":2,"column":37}},"2":{"start":{"line":3,"column":0},"end":{"line":3,"column":null}},"3":{"start":{"line":12,"column":0},"end":{"line":12,"column":null}},"4":{"start":{"line":29,"column":22},"end":{"line":90,"column":1}},"5":{"start":{"line":30,"column":2},"end":{"line":30,"column":10}},"6":{"start":{"line":31,"column":2},"end":{"line":31,"column":12}},"7":{"start":{"line":32,"column":2},"end":{"line":32,"column":13}},"8":{"start":{"line":33,"column":2},"end":{"line":33,"column":10}},"9":{"start":{"line":40,"column":2},"end":{"line":89,"column":4}},"10":{"start":{"line":42,"column":26},"end":{"line":42,"column":37}},"11":{"start":{"line":43,"column":29},"end":{"line":55,"column":null}},"12":{"start":{"line":46,"column":10},"end":{"line":48,"column":null}},"13":{"start":{"line":47,"column":12},"end":{"line":47,"column":35}},"14":{"start":{"line":49,"column":10},"end":{"line":53,"column":null}},"15":{"start":{"line":57,"column":6},"end":{"line":60,"column":9}},"16":{"start":{"line":64,"column":6},"end":{"line":67,"column":9}},"17":{"start":{"line":71,"column":27},"end":{"line":71,"column":66}},"18":{"start":{"line":72,"column":6},"end":{"line":80,"column":9}},"19":{"start":{"line":76,"column":61},"end":{"line":76,"column":70}},"20":{"start":{"line":84,"column":6},"end":{"line":87,"column":9}},"21":{"start":{"line":95,"column":24},"end":{"line":139,"column":1}},"22":{"start":{"line":98,"column":15},"end":{"line":98,"column":71}},"23":{"start":{"line":98,"column":42},"end":{"line":98,"column":70}},"24":{"start":{"line":100,"column":15},"end":{"line":100,"column":37}},"25":{"start":{"line":100,"column":31},"end":{"line":100,"column":70}},"26":{"start":{"line":100,"column":58},"end":{"line":100,"column":68}},"27":{"start":{"line":101,"column":16},"end":{"line":102,"column":10}},"28":{"start":{"line":102,"column":4},"end":{"line":112,"column":6}},"29":{"start":{"line":104,"column":8},"end":{"line":110,"column":null}},"30":{"start":{"line":106,"column":10},"end":{"line":108,"column":null}},"31":{"start":{"line":107,"column":12},"end":{"line":107,"column":32}},"32":{"start":{"line":109,"column":10},"end":{"line":109,"column":21}},"33":{"start":{"line":113,"column":19},"end":{"line":114,"column":10}},"34":{"start":{"line":114,"column":4},"end":{"line":131,"column":6}},"35":{"start":{"line":116,"column":22},"end":{"line":116,"column":27}},"36":{"start":{"line":118,"column":8},"end":{"line":129,"column":15}},"37":{"start":{"line":122,"column":10},"end":{"line":124,"column":null}},"38":{"start":{"line":126,"column":23},"end":{"line":126,"column":60}},"39":{"start":{"line":127,"column":10},"end":{"line":127,"column":25}},"40":{"start":{"line":128,"column":10},"end":{"line":128,"column":21}},"41":{"start":{"line":133,"column":2},"end":{"line":138,"column":4}},"42":{"start":{"line":144,"column":22},"end":{"line":148,"column":7}},"43":{"start":{"line":145,"column":2},"end":{"line":145,"column":10}},"44":{"start":{"line":148,"column":6},"end":{"line":207,"column":2}},"45":{"start":{"line":149,"column":16},"end":{"line":149,"column":69}},"46":{"start":{"line":150,"column":15},"end":{"line":150,"column":30}},"47":{"start":{"line":152,"column":2},"end":{"line":206,"column":null}},"48":{"start":{"line":154,"column":30},"end":{"line":162,"column":null}},"49":{"start":{"line":156,"column":10},"end":{"line":159,"column":12}},"50":{"start":{"line":160,"column":10},"end":{"line":160,"column":21}},"51":{"start":{"line":164,"column":6},"end":{"line":166,"column":null}},"52":{"start":{"line":169,"column":31},"end":{"line":177,"column":null}},"53":{"start":{"line":171,"column":10},"end":{"line":174,"column":12}},"54":{"start":{"line":175,"column":10},"end":{"line":175,"column":21}},"55":{"start":{"line":180,"column":6},"end":{"line":182,"column":null}},"56":{"start":{"line":185,"column":30},"end":{"line":188,"column":12}},"57":{"start":{"line":186,"column":8},"end":{"line":186,"column":33}},"58":{"start":{"line":187,"column":8},"end":{"line":187,"column":19}},"59":{"start":{"line":190,"column":6},"end":{"line":192,"column":null}},"60":{"start":{"line":195,"column":29},"end":{"line":200,"column":null}},"61":{"start":{"line":197,"column":10},"end":{"line":197,"column":30}},"62":{"start":{"line":198,"column":10},"end":{"line":198,"column":21}},"63":{"start":{"line":203,"column":6},"end":{"line":203,"column":28}},"64":{"start":{"line":205,"column":6},"end":{"line":205,"column":19}},"65":{"start":{"line":235,"column":13},"end":{"line":249,"column":2}},"66":{"start":{"line":237,"column":2},"end":{"line":237,"column":null}},"67":{"start":{"line":239,"column":10},"end":{"line":239,"column":35}},"68":{"start":{"line":239,"column":37},"end":{"line":239,"column":53}},"69":{"start":{"line":241,"column":2},"end":{"line":248,"column":5}},"70":{"start":{"line":245,"column":6},"end":{"line":245,"column":null}}},"fnMap":{"0":{"name":"(anonymous_2)","decl":{"start":{"line":29,"column":22},"end":{"line":29,"column":26}},"loc":{"start":{"line":39,"column":1},"end":{"line":90,"column":1}}},"1":{"name":"(anonymous_3)","decl":{"start":{"line":41,"column":12},"end":{"line":41,"column":13}},"loc":{"start":{"line":41,"column":30},"end":{"line":61,"column":5}}},"2":{"name":"(anonymous_4)","decl":{"start":{"line":44,"column":8},"end":{"line":44,"column":9}},"loc":{"start":{"line":44,"column":13},"end":{"line":55,"column":9}}},"3":{"name":"(anonymous_5)","decl":{"start":{"line":63,"column":12},"end":{"line":63,"column":13}},"loc":{"start":{"line":63,"column":29},"end":{"line":68,"column":5}}},"4":{"name":"(anonymous_6)","decl":{"start":{"line":70,"column":12},"end":{"line":70,"column":13}},"loc":{"start":{"line":70,"column":49},"end":{"line":81,"column":5}}},"5":{"name":"(anonymous_7)","decl":{"start":{"line":76,"column":45},"end":{"line":76,"column":46}},"loc":{"start":{"line":76,"column":56},"end":{"line":76,"column":62}}},"6":{"name":"(anonymous_8)","decl":{"start":{"line":83,"column":13},"end":{"line":83,"column":14}},"loc":{"start":{"line":83,"column":30},"end":{"line":88,"column":5}}},"7":{"name":"(anonymous_9)","decl":{"start":{"line":95,"column":24},"end":{"line":95,"column":null}},"loc":{"start":{"line":96,"column":34},"end":{"line":139,"column":1}}},"8":{"name":"(anonymous_10)","decl":{"start":{"line":98,"column":31},"end":{"line":98,"column":32}},"loc":{"start":{"line":98,"column":37},"end":{"line":98,"column":48}}},"9":{"name":"(anonymous_11)","decl":{"start":{"line":100,"column":15},"end":{"line":100,"column":16}},"loc":{"start":{"line":100,"column":26},"end":{"line":100,"column":37}}},"10":{"name":"(anonymous_12)","decl":{"start":{"line":100,"column":47},"end":{"line":100,"column":48}},"loc":{"start":{"line":100,"column":53},"end":{"line":100,"column":63}}},"11":{"name":"(anonymous_13)","decl":{"start":{"line":101,"column":16},"end":{"line":101,"column":17}},"loc":{"start":{"line":101,"column":54},"end":{"line":102,"column":10}}},"12":{"name":"(anonymous_14)","decl":{"start":{"line":103,"column":10},"end":{"line":103,"column":11}},"loc":{"start":{"line":103,"column":16},"end":{"line":104,"column":11}}},"13":{"name":"(anonymous_15)","decl":{"start":{"line":104,"column":33},"end":{"line":104,"column":34}},"loc":{"start":{"line":104,"column":41},"end":{"line":110,"column":9}}},"14":{"name":"(anonymous_16)","decl":{"start":{"line":113,"column":19},"end":{"line":113,"column":20}},"loc":{"start":{"line":113,"column":31},"end":{"line":114,"column":10}}},"15":{"name":"(anonymous_17)","decl":{"start":{"line":115,"column":10},"end":{"line":115,"column":11}},"loc":{"start":{"line":115,"column":16},"end":{"line":130,"column":7}}},"16":{"name":"(anonymous_18)","decl":{"start":{"line":120,"column":11},"end":{"line":120,"column":12}},"loc":{"start":{"line":120,"column":21},"end":{"line":129,"column":9}}},"17":{"name":"(anonymous_19)","decl":{"start":{"line":144,"column":22},"end":{"line":144,"column":42}},"loc":{"start":{"line":148,"column":1},"end":{"line":148,"column":7}}},"18":{"name":"(anonymous_20)","decl":{"start":{"line":148,"column":6},"end":{"line":148,"column":7}},"loc":{"start":{"line":148,"column":36},"end":{"line":207,"column":1}}},"19":{"name":"(anonymous_21)","decl":{"start":{"line":155,"column":8},"end":{"line":155,"column":9}},"loc":{"start":{"line":155,"column":18},"end":{"line":161,"column":9}}},"20":{"name":"(anonymous_22)","decl":{"start":{"line":170,"column":8},"end":{"line":170,"column":9}},"loc":{"start":{"line":170,"column":18},"end":{"line":176,"column":9}}},"21":{"name":"(anonymous_23)","decl":{"start":{"line":185,"column":64},"end":{"line":185,"column":65}},"loc":{"start":{"line":185,"column":74},"end":{"line":188,"column":7}}},"22":{"name":"(anonymous_24)","decl":{"start":{"line":196,"column":8},"end":{"line":196,"column":9}},"loc":{"start":{"line":196,"column":18},"end":{"line":199,"column":9}}},"23":{"name":"(anonymous_25)","decl":{"start":{"line":235,"column":27},"end":{"line":235,"column":null}},"loc":{"start":{"line":237,"column":50},"end":{"line":249,"column":1}}},"24":{"name":"(anonymous_26)","decl":{"start":{"line":244,"column":19},"end":{"line":244,"column":20}},"loc":{"start":{"line":244,"column":25},"end":{"line":245,"column":19}}}},"branchMap":{"0":{"loc":{"start":{"line":42,"column":26},"end":{"line":42,"column":31}},"type":"binary-expr","locations":[{"start":{"line":42,"column":26},"end":{"line":42,"column":31}},{"start":{"line":42,"column":35},"end":{"line":42,"column":37}}]},"1":{"loc":{"start":{"line":46,"column":10},"end":{"line":48,"column":null}},"type":"if","locations":[{"start":{"line":46,"column":10},"end":{"line":48,"column":null}}]},"2":{"loc":{"start":{"line":51,"column":16},"end":{"line":51,"column":29}},"type":"cond-expr","locations":[{"start":{"line":51,"column":16},"end":{"line":51,"column":29}},{"start":{"line":52,"column":16},"end":{"line":52,"column":27}}]},"3":{"loc":{"start":{"line":71,"column":51},"end":{"line":71,"column":58}},"type":"cond-expr","locations":[{"start":{"line":71,"column":51},"end":{"line":71,"column":58}},{"start":{"line":71,"column":61},"end":{"line":71,"column":66}}]},"4":{"loc":{"start":{"line":76,"column":15},"end":{"line":76,"column":70}},"type":"cond-expr","locations":[{"start":{"line":76,"column":15},"end":{"line":76,"column":70}}]},"5":{"loc":{"start":{"line":106,"column":10},"end":{"line":108,"column":null}},"type":"if","locations":[{"start":{"line":106,"column":10},"end":{"line":108,"column":null}}]},"6":{"loc":{"start":{"line":122,"column":10},"end":{"line":124,"column":null}},"type":"if","locations":[{"start":{"line":122,"column":10},"end":{"line":124,"column":null}}]},"7":{"loc":{"start":{"line":126,"column":40},"end":{"line":126,"column":54}},"type":"binary-expr","locations":[{"start":{"line":126,"column":40},"end":{"line":126,"column":54}},{"start":{"line":126,"column":58},"end":{"line":126,"column":60}}]},"8":{"loc":{"start":{"line":149,"column":51},"end":{"line":149,"column":63}},"type":"cond-expr","locations":[{"start":{"line":149,"column":51},"end":{"line":149,"column":63}},{"start":{"line":149,"column":66},"end":{"line":149,"column":68}}]},"9":{"loc":{"start":{"line":153,"column":4},"end":{"line":166,"column":null}},"type":"switch","locations":[{"start":{"line":153,"column":4},"end":{"line":166,"column":null}},{"start":{"line":168,"column":4},"end":{"line":182,"column":null}},{"start":{"line":184,"column":4},"end":{"line":192,"column":null}},{"start":{"line":194,"column":4},"end":{"line":203,"column":28}},{"start":{"line":204,"column":4},"end":{"line":205,"column":19}}]},"10":{"loc":{"start":{"line":157,"column":16},"end":{"line":157,"column":30}},"type":"binary-expr","locations":[{"start":{"line":157,"column":16},"end":{"line":157,"column":30}},{"start":{"line":157,"column":34},"end":{"line":157,"column":36}}]},"11":{"loc":{"start":{"line":237,"column":2},"end":{"line":237,"column":null}},"type":"if","locations":[{"start":{"line":237,"column":2},"end":{"line":237,"column":null}},{"start":{"line":237,"column":2},"end":{"line":237,"column":null}}]},"12":{"loc":{"start":{"line":239,"column":10},"end":{"line":239,"column":35}},"type":"cond-expr","locations":[{"start":{"line":239,"column":10},"end":{"line":239,"column":35}},{"start":{"line":239,"column":10},"end":{"line":239,"column":35}}]},"13":{"loc":{"start":{"line":239,"column":37},"end":{"line":239,"column":53}},"type":"cond-expr","locations":[{"start":{"line":239,"column":37},"end":{"line":239,"column":53}},{"start":{"line":239,"column":37},"end":{"line":239,"column":53}}]}},"s":{"0":1,"1":1,"2":1,"3":1,"4":1,"5":16,"6":16,"7":16,"8":16,"9":16,"10":3,"11":3,"12":3,"13":3,"14":3,"15":3,"16":1,"17":2,"18":2,"19":3,"20":1,"21":1,"22":16,"23":1,"24":16,"25":1,"26":1,"27":16,"28":1,"29":1,"30":2,"31":2,"32":2,"33":16,"34":1,"35":1,"36":1,"37":2,"38":2,"39":2,"40":2,"41":16,"42":1,"43":16,"44":16,"45":8,"46":8,"47":8,"48":3,"49":3,"50":3,"51":3,"52":1,"53":1,"54":1,"55":1,"56":1,"57":1,"58":1,"59":1,"60":2,"61":3,"62":3,"63":2,"64":1,"65":1,"66":30,"67":32,"68":32,"69":16,"70":16},"f":{"0":16,"1":3,"2":3,"3":1,"4":2,"5":3,"6":1,"7":16,"8":1,"9":1,"10":1,"11":1,"12":1,"13":2,"14":1,"15":1,"16":2,"17":16,"18":8,"19":3,"20":1,"21":1,"22":3,"23":16,"24":16},"b":{"0":[3,2],"1":[3],"2":[1,2],"3":[1,1],"4":[2],"5":[2],"6":[2],"7":[2,1],"8":[7,1],"9":[3,1,1,2,1],"10":[3,3],"11":[14,2],"12":[15,1],"13":[14,2]}}
,"/Users/jamesmfriedman/Sites/staterx/lib/src/create-object.ts": {"path":"/Users/jamesmfriedman/Sites/staterx/lib/src/create-object.ts","statementMap":{"0":{"start":{"line":1,"column":0},"end":{"line":1,"column":39}},"1":{"start":{"line":2,"column":0},"end":{"line":2,"column":66}},"2":{"start":{"line":3,"column":0},"end":{"line":3,"column":null}},"3":{"start":{"line":9,"column":22},"end":{"line":19,"column":1}},"4":{"start":{"line":10,"column":2},"end":{"line":10,"column":10}},"5":{"start":{"line":11,"column":2},"end":{"line":11,"column":10}},"6":{"start":{"line":16,"column":2},"end":{"line":18,"column":4}},"7":{"start":{"line":17,"column":33},"end":{"line":17,"column":null}},"8":{"start":{"line":21,"column":22},"end":{"line":21,"column":null}},"9":{"start":{"line":21,"column":28},"end":{"line":21,"column":36}},"10":{"start":{"line":21,"column":68},"end":{"line":36,"column":2}},"11":{"start":{"line":25,"column":15},"end":{"line":25,"column":30}},"12":{"start":{"line":27,"column":2},"end":{"line":35,"column":null}},"13":{"start":{"line":29,"column":6},"end":{"line":31,"column":null}},"14":{"start":{"line":34,"column":6},"end":{"line":34,"column":19}},"15":{"start":{"line":45,"column":13},"end":{"line":54,"column":5}},"16":{"start":{"line":47,"column":2},"end":{"line":47,"column":null}},"17":{"start":{"line":49,"column":2},"end":{"line":54,"column":5}}},"fnMap":{"0":{"name":"(anonymous_2)","decl":{"start":{"line":9,"column":22},"end":{"line":9,"column":26}},"loc":{"start":{"line":15,"column":1},"end":{"line":19,"column":1}}},"1":{"name":"(anonymous_3)","decl":{"start":{"line":17,"column":11},"end":{"line":17,"column":12}},"loc":{"start":{"line":17,"column":28},"end":{"line":17,"column":41}}},"2":{"name":"(anonymous_4)","decl":{"start":{"line":21,"column":22},"end":{"line":21,"column":26}},"loc":{"start":{"line":21,"column":63},"end":{"line":21,"column":null}}},"3":{"name":"(anonymous_5)","decl":{"start":{"line":21,"column":68},"end":{"line":21,"column":null}},"loc":{"start":{"line":23,"column":19},"end":{"line":36,"column":1}}},"4":{"name":"(anonymous_6)","decl":{"start":{"line":45,"column":28},"end":{"line":45,"column":null}},"loc":{"start":{"line":47,"column":38},"end":{"line":49,"column":15}}}},"branchMap":{"0":{"loc":{"start":{"line":28,"column":4},"end":{"line":31,"column":null}},"type":"switch","locations":[{"start":{"line":28,"column":4},"end":{"line":31,"column":null}},{"start":{"line":33,"column":4},"end":{"line":34,"column":19}}]},"1":{"loc":{"start":{"line":47,"column":2},"end":{"line":47,"column":null}},"type":"if","locations":[{"start":{"line":47,"column":2},"end":{"line":47,"column":null}},{"start":{"line":47,"column":2},"end":{"line":47,"column":null}}]}},"s":{"0":1,"1":1,"2":1,"3":1,"4":8,"5":8,"6":8,"7":1,"8":1,"9":8,"10":8,"11":2,"12":2,"13":1,"14":1,"15":1,"16":15,"17":8},"f":{"0":8,"1":1,"2":8,"3":2,"4":8},"b":{"0":[1,1],"1":[7,1]}}
,"/Users/jamesmfriedman/Sites/staterx/lib/src/create-staterx.ts": {"path":"/Users/jamesmfriedman/Sites/staterx/lib/src/create-staterx.ts","statementMap":{"0":{"start":{"line":1,"column":0},"end":{"line":1,"column":67}},"1":{"start":{"line":2,"column":0},"end":{"line":2,"column":null}},"2":{"start":{"line":13,"column":0},"end":{"line":13,"column":69}},"3":{"start":{"line":15,"column":26},"end":{"line":15,"column":42}},"4":{"start":{"line":49,"column":26},"end":{"line":77,"column":1}},"5":{"start":{"line":50,"column":2},"end":{"line":50,"column":10}},"6":{"start":{"line":51,"column":2},"end":{"line":51,"column":5}},"7":{"start":{"line":56,"column":20},"end":{"line":56,"column":49}},"8":{"start":{"line":57,"column":24},"end":{"line":57,"column":62}},"9":{"start":{"line":59,"column":18},"end":{"line":61,"column":null}},"10":{"start":{"line":61,"column":42},"end":{"line":61,"column":47}},"11":{"start":{"line":64,"column":19},"end":{"line":64,"column":49}},"12":{"start":{"line":66,"column":2},"end":{"line":76,"column":4}},"13":{"start":{"line":70,"column":6},"end":{"line":70,"column":61}},"14":{"start":{"line":71,"column":6},"end":{"line":71,"column":52}},"15":{"start":{"line":73,"column":17},"end":{"line":73,"column":null}},"16":{"start":{"line":79,"column":26},"end":{"line":89,"column":7}},"17":{"start":{"line":80,"column":2},"end":{"line":80,"column":14}},"18":{"start":{"line":81,"column":2},"end":{"line":81,"column":10}},"19":{"start":{"line":82,"column":2},"end":{"line":82,"column":9}},"20":{"start":{"line":83,"column":2},"end":{"line":83,"column":13}},"21":{"start":{"line":89,"column":6},"end":{"line":103,"column":2}},"22":{"start":{"line":90,"column":15},"end":{"line":90,"column":50}},"23":{"start":{"line":92,"column":2},"end":{"line":102,"column":null}},"24":{"start":{"line":94,"column":6},"end":{"line":94,"column":25}},"25":{"start":{"line":96,"column":6},"end":{"line":96,"column":26}},"26":{"start":{"line":98,"column":18},"end":{"line":98,"column":40}},"27":{"start":{"line":101,"column":6},"end":{"line":101,"column":62}},"28":{"start":{"line":105,"column":13},"end":{"line":197,"column":2}},"29":{"start":{"line":125,"column":4},"end":{"line":125,"column":28}},"30":{"start":{"line":126,"column":4},"end":{"line":126,"column":18}},"31":{"start":{"line":127,"column":4},"end":{"line":127,"column":43}},"32":{"start":{"line":131,"column":4},"end":{"line":131,"column":10}},"33":{"start":{"line":132,"column":4},"end":{"line":132,"column":13}},"34":{"start":{"line":133,"column":4},"end":{"line":133,"column":17}},"35":{"start":{"line":134,"column":4},"end":{"line":134,"column":17}},"36":{"start":{"line":135,"column":4},"end":{"line":135,"column":19}},"37":{"start":{"line":138,"column":19},"end":{"line":138,"column":78}},"38":{"start":{"line":140,"column":14},"end":{"line":140,"column":26}},"39":{"start":{"line":140,"column":20},"end":{"line":140,"column":38}},"40":{"start":{"line":142,"column":8},"end":{"line":145,"column":5}},"41":{"start":{"line":142,"column":10},"end":{"line":142,"column":17}},"42":{"start":{"line":142,"column":19},"end":{"line":142,"column":27}},"43":{"start":{"line":142,"column":29},"end":{"line":142,"column":null}},"44":{"start":{"line":147,"column":10},"end":{"line":151,"column":5}},"45":{"start":{"line":153,"column":20},"end":{"line":153,"column":45}},"46":{"start":{"line":155,"column":18},"end":{"line":162,"column":4}},"47":{"start":{"line":164,"column":16},"end":{"line":165,"column":17}},"48":{"start":{"line":164,"column":17},"end":{"line":164,"column":null}},"49":{"start":{"line":165,"column":4},"end":{"line":168,"column":7}},"50":{"start":{"line":170,"column":20},"end":{"line":172,"column":null}},"51":{"start":{"line":171,"column":20},"end":{"line":171,"column":55}},"52":{"start":{"line":175,"column":14},"end":{"line":175,"column":29}},"53":{"start":{"line":175,"column":20},"end":{"line":175,"column":48}},"54":{"start":{"line":177,"column":15},"end":{"line":189,"column":null}},"55":{"start":{"line":192,"column":18},"end":{"line":192,"column":51}},"56":{"start":{"line":194,"column":2},"end":{"line":194,"column":19}},"57":{"start":{"line":196,"column":2},"end":{"line":196,"column":32}}},"fnMap":{"0":{"name":"(anonymous_4)","decl":{"start":{"line":49,"column":26},"end":{"line":49,"column":30}},"loc":{"start":{"line":55,"column":1},"end":{"line":77,"column":1}}},"1":{"name":"(anonymous_5)","decl":{"start":{"line":61,"column":32},"end":{"line":61,"column":33}},"loc":{"start":{"line":61,"column":37},"end":{"line":61,"column":46}}},"2":{"name":"(anonymous_6)","decl":{"start":{"line":68,"column":9},"end":{"line":68,"column":10}},"loc":{"start":{"line":68,"column":35},"end":{"line":72,"column":5}}},"3":{"name":"(anonymous_7)","decl":{"start":{"line":73,"column":11},"end":{"line":73,"column":17}},"loc":{"start":{"line":73,"column":11},"end":{"line":73,"column":25}}},"4":{"name":"(anonymous_8)","decl":{"start":{"line":79,"column":26},"end":{"line":79,"column":30}},"loc":{"start":{"line":89,"column":1},"end":{"line":89,"column":7}}},"5":{"name":"(anonymous_9)","decl":{"start":{"line":89,"column":6},"end":{"line":89,"column":7}},"loc":{"start":{"line":89,"column":36},"end":{"line":103,"column":1}}},"6":{"name":"(anonymous_10)","decl":{"start":{"line":105,"column":29},"end":{"line":105,"column":null}},"loc":{"start":{"line":122,"column":3},"end":{"line":197,"column":1}}},"7":{"name":"(anonymous_11)","decl":{"start":{"line":127,"column":4},"end":{"line":127,"column":43}},"loc":{"start":{"line":127,"column":4},"end":{"line":127,"column":43}}},"8":{"name":"(anonymous_12)","decl":{"start":{"line":140,"column":14},"end":{"line":140,"column":20}},"loc":{"start":{"line":140,"column":14},"end":{"line":140,"column":26}}},"9":{"name":"(anonymous_13)","decl":{"start":{"line":164,"column":16},"end":{"line":164,"column":17}},"loc":{"start":{"line":164,"column":47},"end":{"line":165,"column":17}}},"10":{"name":"(anonymous_14)","decl":{"start":{"line":171,"column":8},"end":{"line":171,"column":9}},"loc":{"start":{"line":171,"column":15},"end":{"line":171,"column":27}}},"11":{"name":"(anonymous_15)","decl":{"start":{"line":175,"column":14},"end":{"line":175,"column":20}},"loc":{"start":{"line":175,"column":14},"end":{"line":175,"column":29}}}},"branchMap":{"0":{"loc":{"start":{"line":70,"column":42},"end":{"line":70,"column":53}},"type":"cond-expr","locations":[{"start":{"line":70,"column":42},"end":{"line":70,"column":53}},{"start":{"line":70,"column":56},"end":{"line":70,"column":60}}]},"1":{"loc":{"start":{"line":93,"column":4},"end":{"line":94,"column":25}},"type":"switch","locations":[{"start":{"line":93,"column":4},"end":{"line":94,"column":25}},{"start":{"line":95,"column":4},"end":{"line":96,"column":26}},{"start":{"line":97,"column":4},"end":{"line":101,"column":62}}]},"2":{"loc":{"start":{"line":101,"column":29},"end":{"line":101,"column":55}},"type":"cond-expr","locations":[{"start":{"line":101,"column":29},"end":{"line":101,"column":55}},{"start":{"line":101,"column":58},"end":{"line":101,"column":61}}]},"3":{"loc":{"start":{"line":125,"column":4},"end":{"line":125,"column":28}},"type":"cond-expr","locations":[{"start":{"line":125,"column":4},"end":{"line":125,"column":28}},{"start":{"line":125,"column":4},"end":{"line":125,"column":28}}]},"4":{"loc":{"start":{"line":126,"column":4},"end":{"line":126,"column":18}},"type":"cond-expr","locations":[{"start":{"line":126,"column":4},"end":{"line":126,"column":18}},{"start":{"line":126,"column":4},"end":{"line":126,"column":18}}]},"5":{"loc":{"start":{"line":127,"column":4},"end":{"line":127,"column":43}},"type":"cond-expr","locations":[{"start":{"line":127,"column":4},"end":{"line":127,"column":43}},{"start":{"line":127,"column":4},"end":{"line":127,"column":43}}]},"6":{"loc":{"start":{"line":153,"column":35},"end":{"line":153,"column":38}},"type":"cond-expr","locations":[{"start":{"line":153,"column":35},"end":{"line":153,"column":38}},{"start":{"line":153,"column":20},"end":{"line":153,"column":45}}]},"7":{"loc":{"start":{"line":153,"column":20},"end":{"line":153,"column":38}},"type":"binary-expr","locations":[{"start":{"line":153,"column":20},"end":{"line":153,"column":38}},{"start":{"line":153,"column":20},"end":{"line":153,"column":38}}]},"8":{"loc":{"start":{"line":164,"column":17},"end":{"line":164,"column":null}},"type":"if","locations":[{"start":{"line":164,"column":17},"end":{"line":164,"column":null}},{"start":{"line":164,"column":17},"end":{"line":164,"column":null}}]},"9":{"loc":{"start":{"line":192,"column":33},"end":{"line":192,"column":36}},"type":"cond-expr","locations":[{"start":{"line":192,"column":33},"end":{"line":192,"column":36}},{"start":{"line":192,"column":33},"end":{"line":192,"column":51}}]},"10":{"loc":{"start":{"line":192,"column":18},"end":{"line":192,"column":36}},"type":"binary-expr","locations":[{"start":{"line":192,"column":18},"end":{"line":192,"column":36}},{"start":{"line":192,"column":33},"end":{"line":192,"column":36}}]},"11":{"loc":{"start":{"line":194,"column":2},"end":{"line":194,"column":9}},"type":"binary-expr","locations":[{"start":{"line":194,"column":2},"end":{"line":194,"column":9}},{"start":{"line":194,"column":13},"end":{"line":194,"column":18}}]}},"s":{"0":6,"1":6,"2":6,"3":6,"4":6,"5":58,"6":58,"7":58,"8":58,"9":58,"10":5,"11":58,"12":58,"13":14,"14":14,"15":4,"16":6,"17":58,"18":58,"19":58,"20":58,"21":58,"22":38,"23":38,"24":14,"25":4,"26":20,"27":20,"28":6,"29":116,"30":116,"31":120,"32":58,"33":58,"34":58,"35":58,"36":58,"37":58,"38":58,"39":30,"40":58,"41":58,"42":58,"43":58,"44":58,"45":58,"46":58,"47":58,"48":3,"49":2,"50":58,"51":38,"52":58,"53":58,"54":58,"55":58,"56":58,"57":58},"f":{"0":58,"1":5,"2":14,"3":4,"4":58,"5":38,"6":58,"7":4,"8":30,"9":2,"10":38,"11":58},"b":{"0":[1,13],"1":[14,4,20],"2":[5,15],"3":[54,4],"4":[54,4],"5":[53,5],"6":[26,32],"7":[58,58],"8":[1,1],"9":[54,4],"10":[58,58],"11":[58,58]}}
,"/Users/jamesmfriedman/Sites/staterx/lib/src/create-store.ts": {"path":"/Users/jamesmfriedman/Sites/staterx/lib/src/create-store.ts","statementMap":{"0":{"start":{"line":1,"column":0},"end":{"line":1,"column":67}},"1":{"start":{"line":2,"column":0},"end":{"line":2,"column":65}},"2":{"start":{"line":3,"column":0},"end":{"line":3,"column":57}},"3":{"start":{"line":14,"column":13},"end":{"line":84,"column":2}},"4":{"start":{"line":16,"column":2},"end":{"line":16,"column":null}},"5":{"start":{"line":18,"column":26},"end":{"line":19,"column":null}},"6":{"start":{"line":19,"column":16},"end":{"line":19,"column":null}},"7":{"start":{"line":23,"column":20},"end":{"line":23,"column":49}},"8":{"start":{"line":24,"column":2},"end":{"line":26,"column":5}},"9":{"start":{"line":25,"column":4},"end":{"line":25,"column":41}},"10":{"start":{"line":29,"column":32},"end":{"line":36,"column":null}},"11":{"start":{"line":30,"column":6},"end":{"line":30,"column":9}},"12":{"start":{"line":30,"column":11},"end":{"line":30,"column":16}},"13":{"start":{"line":31,"column":18},"end":{"line":31,"column":58}},"14":{"start":{"line":32,"column":6},"end":{"line":35,"column":8}},"15":{"start":{"line":34,"column":21},"end":{"line":34,"column":38}},"16":{"start":{"line":39,"column":17},"end":{"line":39,"column":50}},"17":{"start":{"line":41,"column":19},"end":{"line":47,"column":null}},"18":{"start":{"line":43,"column":6},"end":{"line":45,"column":null}},"19":{"start":{"line":50,"column":18},"end":{"line":53,"column":32}},"20":{"start":{"line":52,"column":38},"end":{"line":52,"column":52}},"21":{"start":{"line":55,"column":2},"end":{"line":55,"column":29}},"22":{"start":{"line":57,"column":19},"end":{"line":72,"column":3}},"23":{"start":{"line":58,"column":4},"end":{"line":71,"column":null}},"24":{"start":{"line":59,"column":18},"end":{"line":59,"column":34}},"25":{"start":{"line":60,"column":23},"end":{"line":60,"column":36}},"26":{"start":{"line":62,"column":6},"end":{"line":70,"column":null}},"27":{"start":{"line":63,"column":8},"end":{"line":63,"column":34}},"28":{"start":{"line":64,"column":13},"end":{"line":70,"column":null}},"29":{"start":{"line":65,"column":8},"end":{"line":65,"column":27}},"30":{"start":{"line":67,"column":8},"end":{"line":69,"column":10}},"31":{"start":{"line":74,"column":19},"end":{"line":74,"column":31}},"32":{"start":{"line":74,"column":25},"end":{"line":74,"column":43}},"33":{"start":{"line":76,"column":2},"end":{"line":83,"column":4}}},"fnMap":{"0":{"name":"(anonymous_3)","decl":{"start":{"line":14,"column":27},"end":{"line":14,"column":null}},"loc":{"start":{"line":16,"column":19},"end":{"line":84,"column":1}}},"1":{"name":"(anonymous_4)","decl":{"start":{"line":19,"column":4},"end":{"line":19,"column":5}},"loc":{"start":{"line":19,"column":11},"end":{"line":19,"column":24}}},"2":{"name":"(anonymous_5)","decl":{"start":{"line":24,"column":26},"end":{"line":24,"column":27}},"loc":{"start":{"line":24,"column":33},"end":{"line":26,"column":3}}},"3":{"name":"(anonymous_6)","decl":{"start":{"line":30,"column":4},"end":{"line":30,"column":5}},"loc":{"start":{"line":30,"column":17},"end":{"line":36,"column":5}}},"4":{"name":"(anonymous_7)","decl":{"start":{"line":34,"column":12},"end":{"line":34,"column":13}},"loc":{"start":{"line":34,"column":16},"end":{"line":34,"column":24}}},"5":{"name":"(anonymous_8)","decl":{"start":{"line":42,"column":9},"end":{"line":42,"column":10}},"loc":{"start":{"line":42,"column":18},"end":{"line":47,"column":5}}},"6":{"name":"(anonymous_9)","decl":{"start":{"line":52,"column":27},"end":{"line":52,"column":28}},"loc":{"start":{"line":52,"column":33},"end":{"line":52,"column":43}}},"7":{"name":"(anonymous_10)","decl":{"start":{"line":57,"column":19},"end":{"line":57,"column":20}},"loc":{"start":{"line":57,"column":52},"end":{"line":72,"column":3}}},"8":{"name":"(anonymous_11)","decl":{"start":{"line":74,"column":19},"end":{"line":74,"column":25}},"loc":{"start":{"line":74,"column":19},"end":{"line":74,"column":31}}}},"branchMap":{"0":{"loc":{"start":{"line":16,"column":2},"end":{"line":16,"column":null}},"type":"if","locations":[{"start":{"line":16,"column":2},"end":{"line":16,"column":null}},{"start":{"line":16,"column":2},"end":{"line":16,"column":null}}]},"1":{"loc":{"start":{"line":31,"column":38},"end":{"line":31,"column":50}},"type":"cond-expr","locations":[{"start":{"line":31,"column":38},"end":{"line":31,"column":50}},{"start":{"line":31,"column":53},"end":{"line":31,"column":58}}]},"2":{"loc":{"start":{"line":62,"column":6},"end":{"line":70,"column":null}},"type":"if","locations":[{"start":{"line":62,"column":6},"end":{"line":70,"column":null}},{"start":{"line":62,"column":6},"end":{"line":70,"column":null}}]},"3":{"loc":{"start":{"line":64,"column":13},"end":{"line":70,"column":null}},"type":"if","locations":[{"start":{"line":64,"column":13},"end":{"line":70,"column":null}},{"start":{"line":64,"column":13},"end":{"line":70,"column":null}}]}},"s":{"0":1,"1":1,"2":1,"3":1,"4":3,"5":2,"6":6,"7":2,"8":2,"9":4,"10":2,"11":6,"12":6,"13":6,"14":6,"15":9,"16":2,"17":2,"18":9,"19":2,"20":4,"21":2,"22":2,"23":1,"24":4,"25":4,"26":4,"27":2,"28":2,"29":1,"30":1,"31":2,"32":2,"33":2},"f":{"0":2,"1":6,"2":4,"3":6,"4":9,"5":9,"6":4,"7":1,"8":2},"b":{"0":[1,1],"1":[4,2],"2":[2,2],"3":[1,1]}}
,"/Users/jamesmfriedman/Sites/staterx/lib/src/create-value.ts": {"path":"/Users/jamesmfriedman/Sites/staterx/lib/src/create-value.ts","statementMap":{"0":{"start":{"line":1,"column":0},"end":{"line":1,"column":39}},"1":{"start":{"line":2,"column":0},"end":{"line":2,"column":null}},"2":{"start":{"line":13,"column":13},"end":{"line":22,"column":5}},"3":{"start":{"line":15,"column":2},"end":{"line":15,"column":null}},"4":{"start":{"line":17,"column":2},"end":{"line":22,"column":5}},"5":{"start":{"line":20,"column":25},"end":{"line":20,"column":null}},"6":{"start":{"line":21,"column":25},"end":{"line":21,"column":null}},"7":{"start":{"line":21,"column":39},"end":{"line":21,"column":null}}},"fnMap":{"0":{"name":"(anonymous_0)","decl":{"start":{"line":13,"column":27},"end":{"line":13,"column":null}},"loc":{"start":{"line":15,"column":37},"end":{"line":17,"column":15}}},"1":{"name":"(anonymous_1)","decl":{"start":{"line":20,"column":19},"end":{"line":20,"column":25}},"loc":{"start":{"line":20,"column":19},"end":{"line":20,"column":26}}},"2":{"name":"(anonymous_2)","decl":{"start":{"line":21,"column":19},"end":{"line":21,"column":25}},"loc":{"start":{"line":21,"column":19},"end":{"line":21,"column":26}}},"3":{"name":"(anonymous_3)","decl":{"start":{"line":21,"column":25},"end":{"line":21,"column":26}},"loc":{"start":{"line":21,"column":34},"end":{"line":21,"column":44}}}},"branchMap":{"0":{"loc":{"start":{"line":15,"column":2},"end":{"line":15,"column":null}},"type":"if","locations":[{"start":{"line":15,"column":2},"end":{"line":15,"column":null}},{"start":{"line":15,"column":2},"end":{"line":15,"column":null}}]}},"s":{"0":3,"1":3,"2":3,"3":30,"4":16,"5":18,"6":18,"7":2},"f":{"0":16,"1":18,"2":18,"3":2},"b":{"0":[14,2]}}
,"/Users/jamesmfriedman/Sites/staterx/lib/src/react.ts": {"path":"/Users/jamesmfriedman/Sites/staterx/lib/src/react.ts","statementMap":{"0":{"start":{"line":1,"column":0},"end":{"line":1,"column":59}},"1":{"start":{"line":33,"column":15},"end":{"line":35,"column":null}},"2":{"start":{"line":34,"column":10},"end":{"line":34,"column":null}},"3":{"start":{"line":38,"column":8},"end":{"line":41,"column":4}},"4":{"start":{"line":38,"column":9},"end":{"line":38,"column":14}},"5":{"start":{"line":38,"column":16},"end":{"line":38,"column":null}},"6":{"start":{"line":44,"column":2},"end":{"line":53,"column":13}},"7":{"start":{"line":45,"column":16},"end":{"line":49,"column":6}},"8":{"start":{"line":46,"column":6},"end":{"line":48,"column":9}},"9":{"start":{"line":47,"column":8},"end":{"line":47,"column":18}},"10":{"start":{"line":50,"column":4},"end":{"line":52,"column":6}},"11":{"start":{"line":51,"column":6},"end":{"line":51,"column":24}},"12":{"start":{"line":55,"column":2},"end":{"line":55,"column":15}},"13":{"start":{"line":29,"column":0},"end":{"line":29,"column":16}}},"fnMap":{"0":{"name":"useRx","decl":{"start":{"line":29,"column":16},"end":{"line":29,"column":21}},"loc":{"start":{"line":31,"column":41},"end":{"line":56,"column":1}}},"1":{"name":"(anonymous_1)","decl":{"start":{"line":34,"column":4},"end":{"line":34,"column":10}},"loc":{"start":{"line":34,"column":4},"end":{"line":34,"column":11}}},"2":{"name":"(anonymous_2)","decl":{"start":{"line":44,"column":18},"end":{"line":44,"column":null}},"loc":{"start":{"line":44,"column":18},"end":{"line":53,"column":3}}},"3":{"name":"(anonymous_3)","decl":{"start":{"line":45,"column":41},"end":{"line":45,"column":42}},"loc":{"start":{"line":45,"column":50},"end":{"line":49,"column":5}}},"4":{"name":"(anonymous_4)","decl":{"start":{"line":46,"column":15},"end":{"line":46,"column":null}},"loc":{"start":{"line":46,"column":15},"end":{"line":48,"column":7}}},"5":{"name":"(anonymous_5)","decl":{"start":{"line":50,"column":11},"end":{"line":50,"column":null}},"loc":{"start":{"line":50,"column":11},"end":{"line":52,"column":5}}}},"branchMap":{"0":{"loc":{"start":{"line":34,"column":45},"end":{"line":34,"column":56}},"type":"cond-expr","locations":[{"start":{"line":34,"column":45},"end":{"line":34,"column":56}},{"start":{"line":34,"column":59},"end":{"line":34,"column":68}}]},"1":{"loc":{"start":{"line":41,"column":3},"end":{"line":41,"column":4}},"type":"cond-expr","locations":[{"start":{"line":41,"column":3},"end":{"line":41,"column":4}},{"start":{"line":41,"column":3},"end":{"line":41,"column":4}}]}},"s":{"0":1,"1":5,"2":5,"3":5,"4":4,"5":4,"6":4,"7":2,"8":1,"9":2,"10":2,"11":2,"12":4,"13":1},"f":{"0":5,"1":5,"2":2,"3":1,"4":2,"5":2},"b":{"0":[2,3],"1":[3,2]}}
,"/Users/jamesmfriedman/Sites/staterx/lib/src/utils.ts": {"path":"/Users/jamesmfriedman/Sites/staterx/lib/src/utils.ts","statementMap":{"0":{"start":{"line":25,"column":13},"end":{"line":26,"column":46}},"1":{"start":{"line":26,"column":2},"end":{"line":26,"column":46}},"2":{"start":{"line":28,"column":13},"end":{"line":37,"column":2}},"3":{"start":{"line":29,"column":2},"end":{"line":36,"column":4}},"4":{"start":{"line":32,"column":6},"end":{"line":35,"column":null}},"5":{"start":{"line":39,"column":13},"end":{"line":40,"column":41}},"6":{"start":{"line":40,"column":2},"end":{"line":40,"column":41}},"7":{"start":{"line":42,"column":13},"end":{"line":43,"column":24}},"8":{"start":{"line":43,"column":2},"end":{"line":43,"column":24}},"9":{"start":{"line":45,"column":13},"end":{"line":52,"column":16}},"10":{"start":{"line":49,"column":2},"end":{"line":52,"column":16}},"11":{"start":{"line":50,"column":4},"end":{"line":50,"column":51}},"12":{"start":{"line":51,"column":4},"end":{"line":51,"column":15}},"13":{"start":{"line":54,"column":13},"end":{"line":61,"column":2}},"14":{"start":{"line":54,"column":64},"end":{"line":61,"column":2}},"15":{"start":{"line":59,"column":2},"end":{"line":59,"column":25}},"16":{"start":{"line":60,"column":2},"end":{"line":60,"column":16}},"17":{"start":{"line":63,"column":13},"end":{"line":64,"column":38}},"18":{"start":{"line":64,"column":2},"end":{"line":64,"column":38}}},"fnMap":{"0":{"name":"(anonymous_0)","decl":{"start":{"line":25,"column":31},"end":{"line":25,"column":null}},"loc":{"start":{"line":25,"column":31},"end":{"line":26,"column":6}}},"1":{"name":"(anonymous_1)","decl":{"start":{"line":28,"column":28},"end":{"line":28,"column":null}},"loc":{"start":{"line":28,"column":28},"end":{"line":37,"column":1}}},"2":{"name":"(anonymous_2)","decl":{"start":{"line":31,"column":4},"end":{"line":31,"column":5}},"loc":{"start":{"line":31,"column":11},"end":{"line":32,"column":null}}},"3":{"name":"(anonymous_3)","decl":{"start":{"line":39,"column":27},"end":{"line":39,"column":31}},"loc":{"start":{"line":39,"column":41},"end":{"line":40,"column":7}}},"4":{"name":"(anonymous_4)","decl":{"start":{"line":42,"column":30},"end":{"line":42,"column":31}},"loc":{"start":{"line":42,"column":61},"end":{"line":43,"column":5}}},"5":{"name":"(anonymous_5)","decl":{"start":{"line":45,"column":31},"end":{"line":45,"column":null}},"loc":{"start":{"line":47,"column":16},"end":{"line":49,"column":11}}},"6":{"name":"(anonymous_6)","decl":{"start":{"line":49,"column":43},"end":{"line":49,"column":44}},"loc":{"start":{"line":49,"column":57},"end":{"line":52,"column":3}}},"7":{"name":"(anonymous_7)","decl":{"start":{"line":54,"column":35},"end":{"line":54,"column":36}},"loc":{"start":{"line":54,"column":59},"end":{"line":54,"column":null}}},"8":{"name":"(anonymous_8)","decl":{"start":{"line":54,"column":64},"end":{"line":54,"column":null}},"loc":{"start":{"line":57,"column":11},"end":{"line":61,"column":1}}},"9":{"name":"(anonymous_9)","decl":{"start":{"line":63,"column":23},"end":{"line":63,"column":24}},"loc":{"start":{"line":63,"column":41},"end":{"line":64,"column":8}}}},"branchMap":{"0":{"loc":{"start":{"line":40,"column":25},"end":{"line":40,"column":30}},"type":"cond-expr","locations":[{"start":{"line":40,"column":25},"end":{"line":40,"column":30}},{"start":{"line":40,"column":33},"end":{"line":40,"column":40}}]}},"s":{"0":6,"1":54,"2":6,"3":3,"4":93,"5":6,"6":15,"7":6,"8":300,"9":6,"10":58,"11":300,"12":300,"13":6,"14":60,"15":38,"16":38,"17":6,"18":18},"f":{"0":54,"1":3,"2":93,"3":15,"4":300,"5":58,"6":300,"7":60,"8":38,"9":18},"b":{"0":[10,5]}}
}
