TN:
SF:src/create-array.ts
FN:40,(anonymous_1)
FN:43,(anonymous_2)
FN:43,(anonymous_3)
FN:44,(anonymous_4)
FN:45,(anonymous_5)
FN:53,(anonymous_6)
FN:63,(anonymous_7)
FN:64,(anonymous_8)
FN:65,(anonymous_9)
FN:66,(anonymous_10)
FN:67,(anonymous_11)
FN:68,(anonymous_12)
FN:70,(anonymous_13)
FN:82,(anonymous_14)
FN:82,(anonymous_15)
FN:118,(anonymous_16)
FNF:16
FNH:16
FNDA:16,(anonymous_1)
FNDA:1,(anonymous_2)
FNDA:1,(anonymous_3)
FNDA:1,(anonymous_4)
FNDA:1,(anonymous_5)
FNDA:16,(anonymous_6)
FNDA:1,(anonymous_7)
FNDA:1,(anonymous_8)
FNDA:1,(anonymous_9)
FNDA:1,(anonymous_10)
FNDA:1,(anonymous_11)
FNDA:1,(anonymous_12)
FNDA:1,(anonymous_13)
FNDA:16,(anonymous_14)
FNDA:8,(anonymous_15)
FNDA:16,(anonymous_16)
DA:1,1
DA:2,1
DA:3,1
DA:8,1
DA:40,1
DA:43,16
DA:44,16
DA:45,1
DA:47,16
DA:53,1
DA:54,16
DA:55,16
DA:56,16
DA:62,16
DA:63,1
DA:64,5
DA:65,1
DA:66,4
DA:67,1
DA:69,1
DA:70,2
DA:71,1
DA:82,16
DA:86,8
DA:88,8
DA:90,1
DA:91,1
DA:92,1
DA:94,1
DA:96,1
DA:98,1
DA:100,1
DA:101,1
DA:102,1
DA:104,1
DA:106,1
DA:107,1
DA:112,1
DA:114,1
DA:118,1
DA:120,31
DA:122,16
LF:42
LH:42
BRDA:89,0,0,1
BRDA:89,0,1,1
BRDA:89,0,2,1
BRDA:89,0,3,1
BRDA:89,0,4,1
BRDA:89,0,5,1
BRDA:89,0,6,1
BRDA:89,0,7,1
BRDA:120,1,0,15
BRDA:120,1,1,1
BRF:10
BRH:10
end_of_record
TN:
SF:src/create-items.ts
FN:29,(anonymous_2)
FN:41,(anonymous_3)
FN:44,(anonymous_4)
FN:63,(anonymous_5)
FN:70,(anonymous_6)
FN:76,(anonymous_7)
FN:83,(anonymous_8)
FN:95,(anonymous_9)
FN:98,(anonymous_10)
FN:100,(anonymous_11)
FN:100,(anonymous_12)
FN:101,(anonymous_13)
FN:103,(anonymous_14)
FN:104,(anonymous_15)
FN:113,(anonymous_16)
FN:115,(anonymous_17)
FN:120,(anonymous_18)
FN:144,(anonymous_19)
FN:148,(anonymous_20)
FN:155,(anonymous_21)
FN:170,(anonymous_22)
FN:185,(anonymous_23)
FN:196,(anonymous_24)
FN:235,(anonymous_25)
FN:244,(anonymous_26)
FNF:25
FNH:25
FNDA:16,(anonymous_2)
FNDA:3,(anonymous_3)
FNDA:3,(anonymous_4)
FNDA:1,(anonymous_5)
FNDA:2,(anonymous_6)
FNDA:3,(anonymous_7)
FNDA:1,(anonymous_8)
FNDA:16,(anonymous_9)
FNDA:1,(anonymous_10)
FNDA:1,(anonymous_11)
FNDA:1,(anonymous_12)
FNDA:1,(anonymous_13)
FNDA:1,(anonymous_14)
FNDA:2,(anonymous_15)
FNDA:1,(anonymous_16)
FNDA:1,(anonymous_17)
FNDA:2,(anonymous_18)
FNDA:16,(anonymous_19)
FNDA:8,(anonymous_20)
FNDA:3,(anonymous_21)
FNDA:1,(anonymous_22)
FNDA:1,(anonymous_23)
FNDA:3,(anonymous_24)
FNDA:16,(anonymous_25)
FNDA:16,(anonymous_26)
DA:1,1
DA:2,1
DA:3,1
DA:12,1
DA:29,1
DA:30,16
DA:31,16
DA:32,16
DA:33,16
DA:40,16
DA:42,3
DA:43,3
DA:46,3
DA:47,3
DA:49,3
DA:57,3
DA:64,1
DA:71,2
DA:72,2
DA:76,3
DA:84,1
DA:95,1
DA:98,16
DA:100,16
DA:101,16
DA:102,1
DA:104,1
DA:106,2
DA:107,2
DA:109,2
DA:113,16
DA:114,1
DA:116,1
DA:118,1
DA:122,2
DA:126,2
DA:127,2
DA:128,2
DA:133,16
DA:144,1
DA:145,16
DA:148,16
DA:149,8
DA:150,8
DA:152,8
DA:154,3
DA:156,3
DA:160,3
DA:164,3
DA:169,1
DA:171,1
DA:175,1
DA:180,1
DA:185,1
DA:186,1
DA:187,1
DA:190,1
DA:195,2
DA:197,3
DA:198,3
DA:203,2
DA:205,1
DA:235,1
DA:237,30
DA:239,32
DA:241,16
DA:245,16
LF:67
LH:67
BRDA:42,0,0,3
BRDA:42,0,1,2
BRDA:46,1,0,3
BRDA:51,2,0,1
BRDA:51,2,1,2
BRDA:71,3,0,1
BRDA:71,3,1,1
BRDA:76,4,0,2
BRDA:106,5,0,2
BRDA:122,6,0,2
BRDA:126,7,0,2
BRDA:126,7,1,1
BRDA:149,8,0,7
BRDA:149,8,1,1
BRDA:153,9,0,3
BRDA:153,9,1,1
BRDA:153,9,2,1
BRDA:153,9,3,2
BRDA:153,9,4,1
BRDA:157,10,0,3
BRDA:157,10,1,3
BRDA:237,11,0,14
BRDA:237,11,1,2
BRDA:239,12,0,15
BRDA:239,12,1,1
BRDA:239,13,0,14
BRDA:239,13,1,2
BRF:27
BRH:27
end_of_record
TN:
SF:src/create-object.ts
FN:9,(anonymous_2)
FN:17,(anonymous_3)
FN:21,(anonymous_4)
FN:21,(anonymous_5)
FN:45,(anonymous_6)
FNF:5
FNH:5
FNDA:8,(anonymous_2)
FNDA:1,(anonymous_3)
FNDA:8,(anonymous_4)
FNDA:2,(anonymous_5)
FNDA:8,(anonymous_6)
DA:1,1
DA:2,1
DA:3,1
DA:9,1
DA:10,8
DA:11,8
DA:16,8
DA:17,1
DA:21,8
DA:25,2
DA:27,2
DA:29,1
DA:34,1
DA:45,1
DA:47,15
DA:49,8
LF:16
LH:16
BRDA:28,0,0,1
BRDA:28,0,1,1
BRDA:47,1,0,7
BRDA:47,1,1,1
BRF:4
BRH:4
end_of_record
TN:
SF:src/create-staterx.ts
FN:49,(anonymous_4)
FN:61,(anonymous_5)
FN:68,(anonymous_6)
FN:73,(anonymous_7)
FN:79,(anonymous_8)
FN:89,(anonymous_9)
FN:105,(anonymous_10)
FN:127,(anonymous_11)
FN:140,(anonymous_12)
FN:164,(anonymous_13)
FN:171,(anonymous_14)
FN:175,(anonymous_15)
FNF:12
FNH:12
FNDA:58,(anonymous_4)
FNDA:5,(anonymous_5)
FNDA:14,(anonymous_6)
FNDA:4,(anonymous_7)
FNDA:58,(anonymous_8)
FNDA:38,(anonymous_9)
FNDA:58,(anonymous_10)
FNDA:4,(anonymous_11)
FNDA:30,(anonymous_12)
FNDA:2,(anonymous_13)
FNDA:38,(anonymous_14)
FNDA:58,(anonymous_15)
DA:1,6
DA:2,6
DA:13,6
DA:15,6
DA:49,6
DA:50,58
DA:51,58
DA:56,58
DA:57,58
DA:59,58
DA:61,5
DA:64,58
DA:66,58
DA:70,14
DA:71,14
DA:73,4
DA:79,6
DA:80,58
DA:81,58
DA:82,58
DA:83,58
DA:89,58
DA:90,38
DA:92,38
DA:94,14
DA:96,4
DA:98,20
DA:101,20
DA:105,6
DA:125,116
DA:126,116
DA:127,120
DA:131,58
DA:132,58
DA:133,58
DA:134,58
DA:135,58
DA:138,58
DA:140,58
DA:142,58
DA:147,58
DA:153,58
DA:155,58
DA:164,58
DA:165,2
DA:170,58
DA:171,38
DA:175,58
DA:177,58
DA:192,58
DA:194,58
DA:196,58
LF:52
LH:52
BRDA:70,0,0,1
BRDA:70,0,1,13
BRDA:93,1,0,14
BRDA:93,1,1,4
BRDA:93,1,2,20
BRDA:101,2,0,5
BRDA:101,2,1,15
BRDA:125,3,0,54
BRDA:125,3,1,4
BRDA:126,4,0,54
BRDA:126,4,1,4
BRDA:127,5,0,53
BRDA:127,5,1,5
BRDA:153,6,0,26
BRDA:153,6,1,32
BRDA:153,7,0,58
BRDA:153,7,1,58
BRDA:164,8,0,1
BRDA:164,8,1,1
BRDA:192,9,0,54
BRDA:192,9,1,4
BRDA:192,10,0,58
BRDA:192,10,1,58
BRDA:194,11,0,58
BRDA:194,11,1,58
BRF:25
BRH:25
end_of_record
TN:
SF:src/create-store.ts
FN:14,(anonymous_3)
FN:19,(anonymous_4)
FN:24,(anonymous_5)
FN:30,(anonymous_6)
FN:34,(anonymous_7)
FN:42,(anonymous_8)
FN:52,(anonymous_9)
FN:57,(anonymous_10)
FN:74,(anonymous_11)
FNF:9
FNH:9
FNDA:2,(anonymous_3)
FNDA:6,(anonymous_4)
FNDA:4,(anonymous_5)
FNDA:6,(anonymous_6)
FNDA:9,(anonymous_7)
FNDA:9,(anonymous_8)
FNDA:4,(anonymous_9)
FNDA:1,(anonymous_10)
FNDA:2,(anonymous_11)
DA:1,1
DA:2,1
DA:3,1
DA:14,1
DA:16,3
DA:18,2
DA:19,6
DA:23,2
DA:24,2
DA:25,4
DA:29,2
DA:30,6
DA:31,6
DA:32,6
DA:34,9
DA:39,2
DA:41,2
DA:43,9
DA:50,2
DA:52,4
DA:55,2
DA:57,2
DA:58,1
DA:59,4
DA:60,4
DA:62,4
DA:63,2
DA:64,2
DA:65,1
DA:67,1
DA:74,2
DA:76,2
LF:32
LH:32
BRDA:16,0,0,1
BRDA:16,0,1,1
BRDA:31,1,0,4
BRDA:31,1,1,2
BRDA:62,2,0,2
BRDA:62,2,1,2
BRDA:64,3,0,1
BRDA:64,3,1,1
BRF:8
BRH:8
end_of_record
TN:
SF:src/create-value.ts
FN:13,(anonymous_0)
FN:20,(anonymous_1)
FN:21,(anonymous_2)
FN:21,(anonymous_3)
FNF:4
FNH:4
FNDA:16,(anonymous_0)
FNDA:18,(anonymous_1)
FNDA:18,(anonymous_2)
FNDA:2,(anonymous_3)
DA:1,3
DA:2,3
DA:13,3
DA:15,30
DA:17,16
DA:20,18
DA:21,18
LF:7
LH:7
BRDA:15,0,0,14
BRDA:15,0,1,2
BRF:2
BRH:2
end_of_record
TN:
SF:src/react.ts
FN:29,useRx
FN:34,(anonymous_1)
FN:44,(anonymous_2)
FN:45,(anonymous_3)
FN:46,(anonymous_4)
FN:50,(anonymous_5)
FNF:6
FNH:6
FNDA:5,useRx
FNDA:5,(anonymous_1)
FNDA:2,(anonymous_2)
FNDA:1,(anonymous_3)
FNDA:2,(anonymous_4)
FNDA:2,(anonymous_5)
DA:1,1
DA:29,1
DA:33,5
DA:34,5
DA:38,5
DA:44,4
DA:45,2
DA:46,1
DA:47,2
DA:50,2
DA:51,2
DA:55,4
LF:12
LH:12
BRDA:34,0,0,2
BRDA:34,0,1,3
BRDA:41,1,0,3
BRDA:41,1,1,2
BRF:4
BRH:4
end_of_record
TN:
SF:src/utils.ts
FN:25,(anonymous_0)
FN:28,(anonymous_1)
FN:31,(anonymous_2)
FN:39,(anonymous_3)
FN:42,(anonymous_4)
FN:45,(anonymous_5)
FN:49,(anonymous_6)
FN:54,(anonymous_7)
FN:54,(anonymous_8)
FN:63,(anonymous_9)
FNF:10
FNH:10
FNDA:54,(anonymous_0)
FNDA:3,(anonymous_1)
FNDA:93,(anonymous_2)
FNDA:15,(anonymous_3)
FNDA:300,(anonymous_4)
FNDA:58,(anonymous_5)
FNDA:300,(anonymous_6)
FNDA:60,(anonymous_7)
FNDA:38,(anonymous_8)
FNDA:18,(anonymous_9)
DA:25,6
DA:26,54
DA:28,6
DA:29,3
DA:32,93
DA:39,6
DA:40,15
DA:42,6
DA:43,300
DA:45,6
DA:49,58
DA:50,300
DA:51,300
DA:54,60
DA:59,38
DA:60,38
DA:63,6
DA:64,18
LF:18
LH:18
BRDA:40,0,0,10
BRDA:40,0,1,5
BRF:2
BRH:2
end_of_record
